[debug] [2023-03-03T16:07:08.668Z] ----------------------------------------------------------------------
[debug] [2023-03-03T16:07:08.678Z] Command:       C:\Program Files\nodejs\node.exe C:\Users\SREERAJ\AppData\Roaming\npm\node_modules\firebase-tools\lib\bin\firebase.js login
[debug] [2023-03-03T16:07:08.679Z] CLI Version:   11.16.1
[debug] [2023-03-03T16:07:08.679Z] Platform:      win32
[debug] [2023-03-03T16:07:08.679Z] Node Version:  v16.14.2
[debug] [2023-03-03T16:07:08.875Z] Time:          Fri Mar 03 2023 21:37:08 GMT+0530 (India Standard Time)
[debug] [2023-03-03T16:07:08.875Z] ----------------------------------------------------------------------
[debug] 
[debug] [2023-03-03T16:07:08.922Z] >>> [apiv2][query] GET https://firebase-public.firebaseio.com/cli.json [none]
[info] Already logged in as cyberkutti@gmail.com
[debug] [2023-03-03T16:07:19.082Z] Error: Timed out.
    at Timeout._onTimeout (C:\Users\SREERAJ\AppData\Roaming\npm\node_modules\firebase-tools\lib\utils.js:253:49)
    at listOnTimeout (node:internal/timers:559:17)
    at processTimers (node:internal/timers:502:7)
[error] 
[error] Error: An unexpected error has occurred.
[debug] [2023-03-03T16:08:01.760Z] ----------------------------------------------------------------------
[debug] [2023-03-03T16:08:01.765Z] Command:       C:\Program Files\nodejs\node.exe C:\Users\SREERAJ\AppData\Roaming\npm\node_modules\firebase-tools\lib\bin\firebase.js init
[debug] [2023-03-03T16:08:01.766Z] CLI Version:   11.16.1
[debug] [2023-03-03T16:08:01.766Z] Platform:      win32
[debug] [2023-03-03T16:08:01.766Z] Node Version:  v16.14.2
[debug] [2023-03-03T16:08:01.768Z] Time:          Fri Mar 03 2023 21:38:01 GMT+0530 (India Standard Time)
[debug] [2023-03-03T16:08:01.769Z] ----------------------------------------------------------------------
[debug] 
[debug] [2023-03-03T16:08:01.776Z] >>> [apiv2][query] GET https://firebase-public.firebaseio.com/cli.json [none]
[debug] [2023-03-03T16:08:01.825Z] > command requires scopes: ["email","openid","https://www.googleapis.com/auth/cloudplatformprojects.readonly","https://www.googleapis.com/auth/firebase","https://www.googleapis.com/auth/cloud-platform"]
[debug] [2023-03-03T16:08:01.826Z] > authorizing via signed-in user (cyberkutti@gmail.com)
[info] 
     ######## #### ########  ######## ########     ###     ######  ########
     ##        ##  ##     ## ##       ##     ##  ##   ##  ##       ##
     ######    ##  ########  ######   ########  #########  ######  ######
     ##        ##  ##    ##  ##       ##     ## ##     ##       ## ##
     ##       #### ##     ## ######## ########  ##     ##  ######  ########

You're about to initialize a Firebase project in this directory:

  F:\sreeraj\fete app

[info] 
=== Project Setup
[info] 
[info] First, let's associate this project directory with a Firebase project.
[info] You can create multiple project aliases by running firebase use --add, 
[info] but for now we'll just set up a default project.
[info] 
[debug] [2023-03-03T16:08:20.133Z] > refreshing access token with scopes: []
[debug] [2023-03-03T16:08:20.136Z] >>> [apiv2][query] POST https://www.googleapis.com/oauth2/v3/token [none]
[debug] [2023-03-03T16:08:20.136Z] >>> [apiv2][body] POST https://www.googleapis.com/oauth2/v3/token [omitted]
[debug] [2023-03-03T16:08:35.055Z] <<< [apiv2][status] POST https://www.googleapis.com/oauth2/v3/token 200
[debug] [2023-03-03T16:08:35.057Z] <<< [apiv2][body] POST https://www.googleapis.com/oauth2/v3/token [omitted]
[debug] [2023-03-03T16:08:35.238Z] >>> [apiv2][query] GET https://firebase.googleapis.com/v1beta1/projects pageSize=100
[debug] [2023-03-03T16:08:35.566Z] Failed to make request to https://firebase.googleapis.com/v1beta1/projects?pageSize=100
[debug] [2023-03-03T16:08:35.597Z] FirebaseError: Failed to make request to https://firebase.googleapis.com/v1beta1/projects?pageSize=100
    at RetryOperation._fn (C:\Users\SREERAJ\AppData\Roaming\npm\node_modules\firebase-tools\lib\apiv2.js:242:31)
    at processTicksAndRejections (node:internal/process/task_queues:96:5)
[error] 
[error] Error: Failed to list Firebase projects. See firebase-debug.log for more info.
[debug] [2023-03-03T16:08:53.108Z] ----------------------------------------------------------------------
[debug] [2023-03-03T16:08:53.112Z] Command:       C:\Program Files\nodejs\node.exe C:\Users\SREERAJ\AppData\Roaming\npm\node_modules\firebase-tools\lib\bin\firebase.js init
[debug] [2023-03-03T16:08:53.113Z] CLI Version:   11.16.1
[debug] [2023-03-03T16:08:53.114Z] Platform:      win32
[debug] [2023-03-03T16:08:53.114Z] Node Version:  v16.14.2
[debug] [2023-03-03T16:08:53.116Z] Time:          Fri Mar 03 2023 21:38:53 GMT+0530 (India Standard Time)
[debug] [2023-03-03T16:08:53.116Z] ----------------------------------------------------------------------
[debug] 
[debug] [2023-03-03T16:08:53.124Z] >>> [apiv2][query] GET https://firebase-public.firebaseio.com/cli.json [none]
[debug] [2023-03-03T16:08:53.171Z] > command requires scopes: ["email","openid","https://www.googleapis.com/auth/cloudplatformprojects.readonly","https://www.googleapis.com/auth/firebase","https://www.googleapis.com/auth/cloud-platform"]
[debug] [2023-03-03T16:08:53.172Z] > authorizing via signed-in user (cyberkutti@gmail.com)
[info] 
     ######## #### ########  ######## ########     ###     ######  ########
     ##        ##  ##     ## ##       ##     ##  ##   ##  ##       ##
     ######    ##  ########  ######   ########  #########  ######  ######
     ##        ##  ##    ##  ##       ##     ## ##     ##       ## ##
     ##       #### ##     ## ######## ########  ##     ##  ######  ########

You're about to initialize a Firebase project in this directory:

  F:\sreeraj\fete app

[info] 
=== Project Setup
[info] 
[info] First, let's associate this project directory with a Firebase project.
[info] You can create multiple project aliases by running firebase use --add, 
[info] but for now we'll just set up a default project.
[info] 
[info] i  If you want to create a project in a Google Cloud organization or folder, please use "firebase projects:create" instead, and return to this command when you've created the project. 
[warn] !  Unable to fetch the CLI MOTD and remote config. 
[debug] [2023-03-03T16:09:14.314Z] Failed to fetch MOTD FirebaseError: Failed to make request to https://firebase-public.firebaseio.com/cli.json
[debug] [2023-03-03T16:09:20.827Z] >>> [apiv2][query] POST https://cloudresourcemanager.googleapis.com/v1/projects [none]
[debug] [2023-03-03T16:09:20.828Z] >>> [apiv2][body] POST https://cloudresourcemanager.googleapis.com/v1/projects {"projectId":"fete","name":"fete"}
[debug] [2023-03-03T16:09:40.874Z] Error: Timed out.
    at Timeout._onTimeout (C:\Users\SREERAJ\AppData\Roaming\npm\node_modules\firebase-tools\lib\utils.js:253:49)
    at listOnTimeout (node:internal/timers:559:17)
    at processTimers (node:internal/timers:502:7)
[error] 
[error] Error: An unexpected error has occurred.
[debug] [2023-03-03T16:10:07.320Z] ----------------------------------------------------------------------
[debug] [2023-03-03T16:10:07.324Z] Command:       C:\Program Files\nodejs\node.exe C:\Users\SREERAJ\AppData\Roaming\npm\node_modules\firebase-tools\lib\bin\firebase.js init
[debug] [2023-03-03T16:10:07.326Z] CLI Version:   11.16.1
[debug] [2023-03-03T16:10:07.327Z] Platform:      win32
[debug] [2023-03-03T16:10:07.327Z] Node Version:  v16.14.2
[debug] [2023-03-03T16:10:07.329Z] Time:          Fri Mar 03 2023 21:40:07 GMT+0530 (India Standard Time)
[debug] [2023-03-03T16:10:07.329Z] ----------------------------------------------------------------------
[debug] 
[debug] [2023-03-03T16:10:07.336Z] >>> [apiv2][query] GET https://firebase-public.firebaseio.com/cli.json [none]
[debug] [2023-03-03T16:10:07.383Z] > command requires scopes: ["email","openid","https://www.googleapis.com/auth/cloudplatformprojects.readonly","https://www.googleapis.com/auth/firebase","https://www.googleapis.com/auth/cloud-platform"]
[debug] [2023-03-03T16:10:07.384Z] > authorizing via signed-in user (cyberkutti@gmail.com)
[info] 
     ######## #### ########  ######## ########     ###     ######  ########
     ##        ##  ##     ## ##       ##     ##  ##   ##  ##       ##
     ######    ##  ########  ######   ########  #########  ######  ######
     ##        ##  ##    ##  ##       ##     ## ##     ##       ## ##
     ##       #### ##     ## ######## ########  ##     ##  ######  ########

You're about to initialize a Firebase project in this directory:

  F:\sreeraj\fete app

[info] 
=== Project Setup
[info] 
[info] First, let's associate this project directory with a Firebase project.
[info] You can create multiple project aliases by running firebase use --add, 
[info] but for now we'll just set up a default project.
[info] 
[info] i  If you want to create a project in a Google Cloud organization or folder, please use "firebase projects:create" instead, and return to this command when you've created the project. 
[debug] [2023-03-03T16:10:39.907Z] >>> [apiv2][query] POST https://cloudresourcemanager.googleapis.com/v1/projects [none]
[debug] [2023-03-03T16:10:39.907Z] >>> [apiv2][body] POST https://cloudresourcemanager.googleapis.com/v1/projects {"projectId":"fete4575sree","name":"fete4575sree"}
[debug] [2023-03-03T16:10:59.952Z] Error: Timed out.
    at Timeout._onTimeout (C:\Users\SREERAJ\AppData\Roaming\npm\node_modules\firebase-tools\lib\utils.js:253:49)
    at listOnTimeout (node:internal/timers:559:17)
    at processTimers (node:internal/timers:502:7)
[error] 
[error] Error: An unexpected error has occurred.
